<?xml version="1.0" encoding="UTF-8"?>
<testng-results skipped="0" failed="0" ignored="0" total="1" passed="1">
  <reporter-output>
  </reporter-output>
  <suite name="Default suite" duration-ms="6242" started-at="2019-12-13T12:00:28 CST" finished-at="2019-12-13T12:00:34 CST">
    <groups>
    </groups>
    <test name="Default test" duration-ms="6242" started-at="2019-12-13T12:00:28 CST" finished-at="2019-12-13T12:00:34 CST">
      <class name="NewTest">
        <test-method status="PASS" signature="f()[pri:0, instance:NewTest@5abca1e0]" name="f" duration-ms="6208" started-at="2019-12-13T12:00:28 CST" finished-at="2019-12-13T12:00:34 CST">
          <reporter-output>
          </reporter-output>
        </test-method> <!-- f -->
      </class> <!-- NewTest -->
    </test> <!-- Default test -->
  </suite> <!-- Default suite -->
</testng-results>
